<?xml version="1.0" encoding="UTF-8"?>
<!-- Generated by org.testng.reporters.JUnitReportReporter -->
<testsuite hostname="BHUPALAM" name="Academy.HomePage" tests="2" failures="0" timestamp="17 Mar 2019 10:27:27 GMT" time="61.117" errors="0">
  <testcase name="basePageNavigation" time="25.848" classname="Academy.HomePage"/>
  <testcase name="basePageNavigation" time="35.269" classname="Academy.HomePage"/>
</testsuite> <!-- Academy.HomePage -->
