<?xml version="1.0" encoding="UTF-8"?>
<!-- Generated by org.testng.reporters.JUnitReportReporter -->
<testsuite hostname="BHUPALAM" name="amazonTestcases.CompleteOrderTest" tests="1" failures="0" timestamp="23 Dec 2018 12:34:13 GMT" time="49.283" errors="0">
  <testcase name="placeorder" time="49.283" classname="amazonTestcases.CompleteOrderTest"/>
</testsuite> <!-- amazonTestcases.CompleteOrderTest -->
