<?xml version="1.0" encoding="UTF-8"?>
<!-- Generated by org.testng.reporters.JUnitReportReporter -->
<testsuite hostname="BHUPALAM" name="amazonTestcases.DataSheet" tests="1" failures="0" timestamp="23 Dec 2018 11:35:27 GMT" time="0.420" errors="0">
  <testcase name="datatest" time="0.420" classname="amazonTestcases.DataSheet"/>
</testsuite> <!-- amazonTestcases.DataSheet -->
